# JRE version: Java(TM) SE Runtime Environment (8.0_92-b14) (build 1.8.0_92-b14)
# Java VM: Java HotSpot(TM) 64-Bit Server VM (25.92-b14 mixed mode windows-amd64 compressed oops)
Heap:
 PSYoungGen      total 241152K, used 113420K [0x00000000d5d80000, 0x00000000e5d80000, 0x0000000100000000)
  eden space 224768K, 50% used [0x00000000d5d80000,0x00000000dcc43208,0x00000000e3900000)
  from space 16384K, 0% used [0x00000000e4800000,0x00000000e4800000,0x00000000e5800000)
  to   space 15360K, 0% used [0x00000000e3900000,0x00000000e3900000,0x00000000e4800000)
 ParOldGen       total 83968K, used 14009K [0x0000000081800000, 0x0000000086a00000, 0x00000000d5d80000)
  object space 83968K, 16% used [0x0000000081800000,0x00000000825ae538,0x0000000086a00000)
 Metaspace       used 41006K, capacity 43386K, committed 43520K, reserved 1087488K
  class space    used 5338K, capacity 5806K, committed 5888K, reserved 1048576K
GC Heap History (10 events):
Event: 3.536 GC heap before
{Heap before GC invocations=4 (full 0):
 PSYoungGen      total 71680K, used 18203K [0x00000000d5d80000, 0x00000000de980000, 0x0000000100000000)
  eden space 66560K, 19% used [0x00000000d5d80000,0x00000000d6a4d850,0x00000000d9e80000)
  from space 5120K, 99% used [0x00000000d9e80000,0x00000000da3796f8,0x00000000da380000)
  to   space 5120K, 0% used [0x00000000de480000,0x00000000de480000,0x00000000de980000)
 ParOldGen       total 87552K, used 7251K [0x0000000081800000, 0x0000000086d80000, 0x00000000d5d80000)
  object space 87552K, 8% used [0x0000000081800000,0x0000000081f14c00,0x0000000086d80000)
 Metaspace       used 20211K, capacity 21210K, committed 21296K, reserved 1067008K
  class space    used 2642K, capacity 2887K, committed 2944K, reserved 1048576K
Event: 3.544 GC heap after
Heap after GC invocations=4 (full 0):
 PSYoungGen      total 138240K, used 5117K [0x00000000d5d80000, 0x00000000de980000, 0x0000000100000000)
  eden space 133120K, 0% used [0x00000000d5d80000,0x00000000d5d80000,0x00000000ddf80000)
  from space 5120K, 99% used [0x00000000de480000,0x00000000de97f6d8,0x00000000de980000)
  to   space 5120K, 0% used [0x00000000ddf80000,0x00000000ddf80000,0x00000000de480000)
 ParOldGen       total 87552K, used 7489K [0x0000000081800000, 0x0000000086d80000, 0x00000000d5d80000)
  object space 87552K, 8% used [0x0000000081800000,0x0000000081f50700,0x0000000086d80000)
 Metaspace       used 20211K, capacity 21210K, committed 21296K, reserved 1067008K
  class space    used 2642K, capacity 2887K, committed 2944K, reserved 1048576K
}
Event: 3.544 GC heap before
{Heap before GC invocations=5 (full 1):
 PSYoungGen      total 138240K, used 5117K [0x00000000d5d80000, 0x00000000de980000, 0x0000000100000000)
  eden space 133120K, 0% used [0x00000000d5d80000,0x00000000d5d80000,0x00000000ddf80000)
  from space 5120K, 99% used [0x00000000de480000,0x00000000de97f6d8,0x00000000de980000)
  to   space 5120K, 0% used [0x00000000ddf80000,0x00000000ddf80000,0x00000000de480000)
 ParOldGen       total 87552K, used 7489K [0x0000000081800000, 0x0000000086d80000, 0x00000000d5d80000)
  object space 87552K, 8% used [0x0000000081800000,0x0000000081f50700,0x0000000086d80000)
 Metaspace       used 20211K, capacity 21210K, committed 21296K, reserved 1067008K
  class space    used 2642K, capacity 2887K, committed 2944K, reserved 1048576K
Event: 3.589 GC heap after
Heap after GC invocations=5 (full 1):
 PSYoungGen      total 138240K, used 0K [0x00000000d5d80000, 0x00000000de980000, 0x0000000100000000)
  eden space 133120K, 0% used [0x00000000d5d80000,0x00000000d5d80000,0x00000000ddf80000)
  from space 5120K, 0% used [0x00000000de480000,0x00000000de480000,0x00000000de980000)
  to   space 5120K, 0% used [0x00000000ddf80000,0x00000000ddf80000,0x00000000de480000)
 ParOldGen       total 55808K, used 6396K [0x0000000081800000, 0x0000000084e80000, 0x00000000d5d80000)
  object space 55808K, 11% used [0x0000000081800000,0x0000000081e3f0b0,0x0000000084e80000)
 Metaspace       used 20211K, capacity 21210K, committed 21296K, reserved 1067008K
  class space    used 2642K, capacity 2887K, committed 2944K, reserved 1048576K
}
Event: 5.258 GC heap before
{Heap before GC invocations=6 (full 1):
 PSYoungGen      total 138240K, used 133120K [0x00000000d5d80000, 0x00000000de980000, 0x0000000100000000)
  eden space 133120K, 100% used [0x00000000d5d80000,0x00000000ddf80000,0x00000000ddf80000)
  from space 5120K, 0% used [0x00000000de480000,0x00000000de480000,0x00000000de980000)
  to   space 5120K, 0% used [0x00000000ddf80000,0x00000000ddf80000,0x00000000de480000)
 ParOldGen       total 55808K, used 6396K [0x0000000081800000, 0x0000000084e80000, 0x00000000d5d80000)
  object space 55808K, 11% used [0x0000000081800000,0x0000000081e3f0b0,0x0000000084e80000)
 Metaspace       used 31316K, capacity 33080K, committed 33152K, reserved 1077248K
  class space    used 4076K, capacity 4424K, committed 4480K, reserved 1048576K
Event: 5.274 GC heap after
Heap after GC invocations=6 (full 1):
 PSYoungGen      total 138240K, used 5093K [0x00000000d5d80000, 0x00000000e5800000, 0x0000000100000000)
  eden space 133120K, 0% used [0x00000000d5d80000,0x00000000d5d80000,0x00000000ddf80000)
  from space 5120K, 99% used [0x00000000ddf80000,0x00000000de4794a0,0x00000000de480000)
  to   space 16384K, 0% used [0x00000000e4800000,0x00000000e4800000,0x00000000e5800000)
 ParOldGen       total 55808K, used 16127K [0x0000000081800000, 0x0000000084e80000, 0x00000000d5d80000)
  object space 55808K, 28% used [0x0000000081800000,0x00000000827bfcb0,0x0000000084e80000)
 Metaspace       used 31316K, capacity 33080K, committed 33152K, reserved 1077248K
  class space    used 4076K, capacity 4424K, committed 4480K, reserved 1048576K
}
Event: 5.394 GC heap before
{Heap before GC invocations=7 (full 1):
 PSYoungGen      total 138240K, used 17536K [0x00000000d5d80000, 0x00000000e5800000, 0x0000000100000000)
  eden space 133120K, 9% used [0x00000000d5d80000,0x00000000d69a6e98,0x00000000ddf80000)
  from space 5120K, 99% used [0x00000000ddf80000,0x00000000de4794a0,0x00000000de480000)
  to   space 16384K, 0% used [0x00000000e4800000,0x00000000e4800000,0x00000000e5800000)
 ParOldGen       total 55808K, used 16127K [0x0000000081800000, 0x0000000084e80000, 0x00000000d5d80000)
  object space 55808K, 28% used [0x0000000081800000,0x00000000827bfcb0,0x0000000084e80000)
 Metaspace       used 33618K, capacity 35428K, committed 35456K, reserved 1079296K
  class space    used 4366K, capacity 4734K, committed 4736K, reserved 1048576K
Event: 5.402 GC heap after
Heap after GC invocations=7 (full 1):
 PSYoungGen      total 241152K, used 6129K [0x00000000d5d80000, 0x00000000e5d80000, 0x0000000100000000)
  eden space 224768K, 0% used [0x00000000d5d80000,0x00000000d5d80000,0x00000000e3900000)
  from space 16384K, 37% used [0x00000000e4800000,0x00000000e4dfc780,0x00000000e5800000)
  to   space 15360K, 0% used [0x00000000e3900000,0x00000000e3900000,0x00000000e4800000)
 ParOldGen       total 55808K, used 16199K [0x0000000081800000, 0x0000000084e80000, 0x00000000d5d80000)
  object space 55808K, 29% used [0x0000000081800000,0x00000000827d1cc0,0x0000000084e80000)
 Metaspace       used 33618K, capacity 35428K, committed 35456K, reserved 1079296K
  class space    used 4366K, capacity 4734K, committed 4736K, reserved 1048576K
}
Event: 5.402 GC heap before
{Heap before GC invocations=8 (full 2):
 PSYoungGen      total 241152K, used 6129K [0x00000000d5d80000, 0x00000000e5d80000, 0x0000000100000000)
  eden space 224768K, 0% used [0x00000000d5d80000,0x00000000d5d80000,0x00000000e3900000)
  from space 16384K, 37% used [0x00000000e4800000,0x00000000e4dfc780,0x00000000e5800000)
  to   space 15360K, 0% used [0x00000000e3900000,0x00000000e3900000,0x00000000e4800000)
 ParOldGen       total 55808K, used 16199K [0x0000000081800000, 0x0000000084e80000, 0x00000000d5d80000)
  object space 55808K, 29% used [0x0000000081800000,0x00000000827d1cc0,0x0000000084e80000)
 Metaspace       used 33618K, capacity 35428K, committed 35456K, reserved 1079296K
  class space    used 4366K, capacity 4734K, committed 4736K, reserved 1048576K
Event: 5.457 GC heap after
Heap after GC invocations=8 (full 2):
 PSYoungGen      total 241152K, used 0K [0x00000000d5d80000, 0x00000000e5d80000, 0x0000000100000000)
  eden space 224768K, 0% used [0x00000000d5d80000,0x00000000d5d80000,0x00000000e3900000)
  from space 16384K, 0% used [0x00000000e4800000,0x00000000e4800000,0x00000000e5800000)
  to   space 15360K, 0% used [0x00000000e3900000,0x00000000e3900000,0x00000000e4800000)
 ParOldGen       total 83968K, used 14009K [0x0000000081800000, 0x0000000086a00000, 0x00000000d5d80000)
  object space 83968K, 16% used [0x0000000081800000,0x00000000825ae538,0x0000000086a00000)
 Metaspace       used 33618K, capacity 35428K, committed 35456K, reserved 1079296K
  class space    used 4366K, capacity 4734K, committed 4736K, reserved 1048576K
}

